This file contains any messages produced by compilers while
running configure, to aid debugging if configure makes a mistake.

It was created by ffproxy configure 1.6, which was
generated by GNU Autoconf 2.59.  Invocation command line was

  $ ./configure 

## --------- ##
## Platform. ##
## --------- ##

hostname = debian
uname -m = i686
uname -r = 4.19.0-9-686
uname -s = Linux
uname -v = #1 SMP Debian 4.19.118-2+deb10u1 (2020-06-07)

/usr/bin/uname -p = unknown
/bin/uname -X     = unknown

/bin/arch              = i686
/usr/bin/arch -k       = unknown
/usr/convex/getsysinfo = unknown
hostinfo               = unknown
/bin/machine           = unknown
/usr/bin/oslevel       = unknown
/bin/universe          = unknown

PATH: /usr/local/sbin
PATH: /usr/local/bin
PATH: /usr/sbin
PATH: /usr/bin
PATH: /sbin
PATH: /bin


## ----------- ##
## Core tests. ##
## ----------- ##

configure:1353: checking for gcc
configure:1369: found /usr/bin/gcc
configure:1379: result: gcc
configure:1623: checking for C compiler version
configure:1626: gcc --version </dev/null >&5
gcc (Debian 8.3.0-6) 8.3.0
Copyright (C) 2018 Free Software Foundation, Inc.
This is free software; see the source for copying conditions.  There is NO
warranty; not even for MERCHANTABILITY or FITNESS FOR A PARTICULAR PURPOSE.

configure:1629: $? = 0
configure:1631: gcc -v </dev/null >&5
Using built-in specs.
COLLECT_GCC=gcc
COLLECT_LTO_WRAPPER=/usr/lib/gcc/i686-linux-gnu/8/lto-wrapper
Target: i686-linux-gnu
Configured with: ../src/configure -v --with-pkgversion='Debian 8.3.0-6' --with-bugurl=file:///usr/share/doc/gcc-8/README.Bugs --enable-languages=c,ada,c++,go,brig,d,fortran,objc,obj-c++ --prefix=/usr --with-gcc-major-version-only --program-suffix=-8 --program-prefix=i686-linux-gnu- --enable-shared --enable-linker-build-id --libexecdir=/usr/lib --without-included-gettext --enable-threads=posix --libdir=/usr/lib --enable-nls --enable-bootstrap --enable-clocale=gnu --enable-libstdcxx-debug --enable-libstdcxx-time=yes --with-default-libstdcxx-abi=new --enable-gnu-unique-object --disable-vtable-verify --enable-libmpx --enable-plugin --enable-default-pie --with-system-zlib --with-target-system-zlib --enable-objc-gc=auto --enable-targets=all --enable-multiarch --disable-werror --with-arch-32=i686 --with-multilib-list=m32,m64,mx32 --enable-multilib --with-tune=generic --enable-checking=release --build=i686-linux-gnu --host=i686-linux-gnu --target=i686-linux-gnu
Thread model: posix
gcc version 8.3.0 (Debian 8.3.0-6) 
configure:1634: $? = 0
configure:1636: gcc -V </dev/null >&5
gcc: error: unrecognized command line option '-V'
gcc: fatal error: no input files
compilation terminated.
configure:1639: $? = 1
configure:1662: checking for C compiler default output file name
configure:1665: gcc    conftest.c  >&5
configure:1668: $? = 0
configure:1714: result: a.out
configure:1719: checking whether the C compiler works
configure:1725: ./a.out
configure:1728: $? = 0
configure:1745: result: yes
configure:1752: checking whether we are cross compiling
configure:1754: result: no
configure:1757: checking for suffix of executables
configure:1759: gcc -o conftest    conftest.c  >&5
configure:1762: $? = 0
configure:1787: result: 
configure:1793: checking for suffix of object files
configure:1814: gcc -c   conftest.c >&5
configure:1817: $? = 0
configure:1839: result: o
configure:1843: checking whether we are using the GNU C compiler
configure:1867: gcc -c   conftest.c >&5
configure:1873: $? = 0
configure:1877: test -z 
			 || test ! -s conftest.err
configure:1880: $? = 0
configure:1883: test -s conftest.o
configure:1886: $? = 0
configure:1899: result: yes
configure:1905: checking whether gcc accepts -g
configure:1926: gcc -c -g  conftest.c >&5
configure:1932: $? = 0
configure:1936: test -z 
			 || test ! -s conftest.err
configure:1939: $? = 0
configure:1942: test -s conftest.o
configure:1945: $? = 0
configure:1956: result: yes
configure:1973: checking for gcc option to accept ANSI C
configure:2043: gcc  -c -g -O2  conftest.c >&5
configure:2049: $? = 0
configure:2053: test -z 
			 || test ! -s conftest.err
configure:2056: $? = 0
configure:2059: test -s conftest.o
configure:2062: $? = 0
configure:2080: result: none needed
configure:2098: gcc -c -g -O2  conftest.c >&5
conftest.c:2:3: error: unknown type name 'choke'
   choke me
   ^~~~~
conftest.c:2:3: error: expected '=', ',', ';', 'asm' or '__attribute__' at end of input
configure:2104: $? = 1
configure: failed program was:
| #ifndef __cplusplus
|   choke me
| #endif
configure:2275: checking for a BSD-compatible install
configure:2330: result: /usr/bin/install -c
configure:2345: checking for gethostbyname in -lnsl
configure:2375: gcc -o conftest -g -O2   conftest.c -lnsl   >&5
configure:2381: $? = 0
configure:2385: test -z 
			 || test ! -s conftest.err
configure:2388: $? = 0
configure:2391: test -s conftest
configure:2394: $? = 0
configure:2407: result: yes
configure:2419: checking for connect in -lsocket
configure:2449: gcc -o conftest -g -O2   conftest.c -lsocket  -lnsl  >&5
/usr/bin/ld: cannot find -lsocket
collect2: error: ld returned 1 exit status
configure:2455: $? = 1
configure: failed program was:
| /* confdefs.h.  */
| 
| #define PACKAGE_NAME "ffproxy"
| #define PACKAGE_TARNAME "ffproxy"
| #define PACKAGE_VERSION "1.6"
| #define PACKAGE_STRING "ffproxy 1.6"
| #define PACKAGE_BUGREPORT "niklas@noxa.de"
| #define HAVE_LIBNSL 1
| /* end confdefs.h.  */
| 
| /* Override any gcc2 internal prototype to avoid an error.  */
| #ifdef __cplusplus
| extern "C"
| #endif
| /* We use char because int might match the return type of a gcc2
|    builtin and then its argument prototype would still apply.  */
| char connect ();
| int
| main ()
| {
| connect ();
|   ;
|   return 0;
| }
configure:2481: result: no
configure:2499: checking how to run the C preprocessor
configure:2534: gcc -E  conftest.c
configure:2540: $? = 0
configure:2572: gcc -E  conftest.c
conftest.c:10:10: fatal error: ac_nonexistent.h: No such file or directory
 #include <ac_nonexistent.h>
          ^~~~~~~~~~~~~~~~~~
compilation terminated.
configure:2578: $? = 1
configure: failed program was:
| /* confdefs.h.  */
| 
| #define PACKAGE_NAME "ffproxy"
| #define PACKAGE_TARNAME "ffproxy"
| #define PACKAGE_VERSION "1.6"
| #define PACKAGE_STRING "ffproxy 1.6"
| #define PACKAGE_BUGREPORT "niklas@noxa.de"
| #define HAVE_LIBNSL 1
| /* end confdefs.h.  */
| #include <ac_nonexistent.h>
configure:2617: result: gcc -E
configure:2641: gcc -E  conftest.c
configure:2647: $? = 0
configure:2679: gcc -E  conftest.c
conftest.c:10:10: fatal error: ac_nonexistent.h: No such file or directory
 #include <ac_nonexistent.h>
          ^~~~~~~~~~~~~~~~~~
compilation terminated.
configure:2685: $? = 1
configure: failed program was:
| /* confdefs.h.  */
| 
| #define PACKAGE_NAME "ffproxy"
| #define PACKAGE_TARNAME "ffproxy"
| #define PACKAGE_VERSION "1.6"
| #define PACKAGE_STRING "ffproxy 1.6"
| #define PACKAGE_BUGREPORT "niklas@noxa.de"
| #define HAVE_LIBNSL 1
| /* end confdefs.h.  */
| #include <ac_nonexistent.h>
configure:2729: checking for egrep
configure:2739: result: grep -E
configure:2744: checking for ANSI C header files
configure:2769: gcc -c -g -O2  conftest.c >&5
configure:2775: $? = 0
configure:2779: test -z 
			 || test ! -s conftest.err
configure:2782: $? = 0
configure:2785: test -s conftest.o
configure:2788: $? = 0
configure:2877: gcc -o conftest -g -O2   conftest.c -lnsl  >&5
conftest.c: In function 'main':
conftest.c:27:7: warning: implicit declaration of function 'exit' [-Wimplicit-function-declaration]
       exit(2);
       ^~~~
conftest.c:27:7: warning: incompatible implicit declaration of built-in function 'exit'
conftest.c:27:7: note: include '<stdlib.h>' or provide a declaration of 'exit'
conftest.c:11:1:
+#include <stdlib.h>
 #if ((' ' & 0x0FF) == 0x020)
conftest.c:27:7:
       exit(2);
       ^~~~
conftest.c:28:3: warning: incompatible implicit declaration of built-in function 'exit'
   exit (0);
   ^~~~
conftest.c:28:3: note: include '<stdlib.h>' or provide a declaration of 'exit'
configure:2880: $? = 0
configure:2882: ./conftest
configure:2885: $? = 0
configure:2900: result: yes
configure:2910: checking for sys/wait.h that is POSIX.1 compatible
configure:2941: gcc -c -g -O2  conftest.c >&5
configure:2947: $? = 0
configure:2951: test -z 
			 || test ! -s conftest.err
configure:2954: $? = 0
configure:2957: test -s conftest.o
configure:2960: $? = 0
configure:2971: result: yes
configure:2995: checking for sys/types.h
configure:3011: gcc -c -g -O2  conftest.c >&5
configure:3017: $? = 0
configure:3021: test -z 
			 || test ! -s conftest.err
configure:3024: $? = 0
configure:3027: test -s conftest.o
configure:3030: $? = 0
configure:3041: result: yes
configure:2995: checking for sys/stat.h
configure:3011: gcc -c -g -O2  conftest.c >&5
configure:3017: $? = 0
configure:3021: test -z 
			 || test ! -s conftest.err
configure:3024: $? = 0
configure:3027: test -s conftest.o
configure:3030: $? = 0
configure:3041: result: yes
configure:2995: checking for stdlib.h
configure:3011: gcc -c -g -O2  conftest.c >&5
configure:3017: $? = 0
configure:3021: test -z 
			 || test ! -s conftest.err
configure:3024: $? = 0
configure:3027: test -s conftest.o
configure:3030: $? = 0
configure:3041: result: yes
configure:2995: checking for string.h
configure:3011: gcc -c -g -O2  conftest.c >&5
configure:3017: $? = 0
configure:3021: test -z 
			 || test ! -s conftest.err
configure:3024: $? = 0
configure:3027: test -s conftest.o
configure:3030: $? = 0
configure:3041: result: yes
configure:2995: checking for memory.h
configure:3011: gcc -c -g -O2  conftest.c >&5
configure:3017: $? = 0
configure:3021: test -z 
			 || test ! -s conftest.err
configure:3024: $? = 0
configure:3027: test -s conftest.o
configure:3030: $? = 0
configure:3041: result: yes
configure:2995: checking for strings.h
configure:3011: gcc -c -g -O2  conftest.c >&5
configure:3017: $? = 0
configure:3021: test -z 
			 || test ! -s conftest.err
configure:3024: $? = 0
configure:3027: test -s conftest.o
configure:3030: $? = 0
configure:3041: result: yes
configure:2995: checking for inttypes.h
configure:3011: gcc -c -g -O2  conftest.c >&5
configure:3017: $? = 0
configure:3021: test -z 
			 || test ! -s conftest.err
configure:3024: $? = 0
configure:3027: test -s conftest.o
configure:3030: $? = 0
configure:3041: result: yes
configure:2995: checking for stdint.h
configure:3011: gcc -c -g -O2  conftest.c >&5
configure:3017: $? = 0
configure:3021: test -z 
			 || test ! -s conftest.err
configure:3024: $? = 0
configure:3027: test -s conftest.o
configure:3030: $? = 0
configure:3041: result: yes
configure:2995: checking for unistd.h
configure:3011: gcc -c -g -O2  conftest.c >&5
configure:3017: $? = 0
configure:3021: test -z 
			 || test ! -s conftest.err
configure:3024: $? = 0
configure:3027: test -s conftest.o
configure:3030: $? = 0
configure:3041: result: yes
configure:3076: checking arpa/inet.h usability
configure:3088: gcc -c -g -O2  conftest.c >&5
configure:3094: $? = 0
configure:3098: test -z 
			 || test ! -s conftest.err
configure:3101: $? = 0
configure:3104: test -s conftest.o
configure:3107: $? = 0
configure:3117: result: yes
configure:3121: checking arpa/inet.h presence
configure:3131: gcc -E  conftest.c
configure:3137: $? = 0
configure:3157: result: yes
configure:3192: checking for arpa/inet.h
configure:3199: result: yes
configure:3076: checking fcntl.h usability
configure:3088: gcc -c -g -O2  conftest.c >&5
configure:3094: $? = 0
configure:3098: test -z 
			 || test ! -s conftest.err
configure:3101: $? = 0
configure:3104: test -s conftest.o
configure:3107: $? = 0
configure:3117: result: yes
configure:3121: checking fcntl.h presence
configure:3131: gcc -E  conftest.c
configure:3137: $? = 0
configure:3157: result: yes
configure:3192: checking for fcntl.h
configure:3199: result: yes
configure:3076: checking netdb.h usability
configure:3088: gcc -c -g -O2  conftest.c >&5
configure:3094: $? = 0
configure:3098: test -z 
			 || test ! -s conftest.err
configure:3101: $? = 0
configure:3104: test -s conftest.o
configure:3107: $? = 0
configure:3117: result: yes
configure:3121: checking netdb.h presence
configure:3131: gcc -E  conftest.c
configure:3137: $? = 0
configure:3157: result: yes
configure:3192: checking for netdb.h
configure:3199: result: yes
configure:3076: checking netinet/in.h usability
configure:3088: gcc -c -g -O2  conftest.c >&5
configure:3094: $? = 0
configure:3098: test -z 
			 || test ! -s conftest.err
configure:3101: $? = 0
configure:3104: test -s conftest.o
configure:3107: $? = 0
configure:3117: result: yes
configure:3121: checking netinet/in.h presence
configure:3131: gcc -E  conftest.c
configure:3137: $? = 0
configure:3157: result: yes
configure:3192: checking for netinet/in.h
configure:3199: result: yes
configure:3067: checking for stdlib.h
configure:3072: result: yes
configure:3067: checking for string.h
configure:3072: result: yes
configure:3076: checking sys/socket.h usability
configure:3088: gcc -c -g -O2  conftest.c >&5
configure:3094: $? = 0
configure:3098: test -z 
			 || test ! -s conftest.err
configure:3101: $? = 0
configure:3104: test -s conftest.o
configure:3107: $? = 0
configure:3117: result: yes
configure:3121: checking sys/socket.h presence
configure:3131: gcc -E  conftest.c
configure:3137: $? = 0
configure:3157: result: yes
configure:3192: checking for sys/socket.h
configure:3199: result: yes
configure:3076: checking sys/time.h usability
configure:3088: gcc -c -g -O2  conftest.c >&5
configure:3094: $? = 0
configure:3098: test -z 
			 || test ! -s conftest.err
configure:3101: $? = 0
configure:3104: test -s conftest.o
configure:3107: $? = 0
configure:3117: result: yes
configure:3121: checking sys/time.h presence
configure:3131: gcc -E  conftest.c
configure:3137: $? = 0
configure:3157: result: yes
configure:3192: checking for sys/time.h
configure:3199: result: yes
configure:3076: checking syslog.h usability
configure:3088: gcc -c -g -O2  conftest.c >&5
configure:3094: $? = 0
configure:3098: test -z 
			 || test ! -s conftest.err
configure:3101: $? = 0
configure:3104: test -s conftest.o
configure:3107: $? = 0
configure:3117: result: yes
configure:3121: checking syslog.h presence
configure:3131: gcc -E  conftest.c
configure:3137: $? = 0
configure:3157: result: yes
configure:3192: checking for syslog.h
configure:3199: result: yes
configure:3067: checking for unistd.h
configure:3072: result: yes
configure:3214: checking for an ANSI C-conforming const
configure:3281: gcc -c -g -O2  conftest.c >&5
configure:3287: $? = 0
configure:3291: test -z 
			 || test ! -s conftest.err
configure:3294: $? = 0
configure:3297: test -s conftest.o
configure:3300: $? = 0
configure:3311: result: yes
configure:3321: checking for pid_t
configure:3345: gcc -c -g -O2  conftest.c >&5
configure:3351: $? = 0
configure:3355: test -z 
			 || test ! -s conftest.err
configure:3358: $? = 0
configure:3361: test -s conftest.o
configure:3364: $? = 0
configure:3375: result: yes
configure:3387: checking for size_t
configure:3411: gcc -c -g -O2  conftest.c >&5
configure:3417: $? = 0
configure:3421: test -z 
			 || test ! -s conftest.err
configure:3424: $? = 0
configure:3427: test -s conftest.o
configure:3430: $? = 0
configure:3441: result: yes
configure:3453: checking whether time.h and sys/time.h may both be included
configure:3478: gcc -c -g -O2  conftest.c >&5
configure:3484: $? = 0
configure:3488: test -z 
			 || test ! -s conftest.err
configure:3491: $? = 0
configure:3494: test -s conftest.o
configure:3497: $? = 0
configure:3508: result: yes
configure:3526: checking for unistd.h
configure:3531: result: yes
configure:3535: checking vfork.h usability
configure:3547: gcc -c -g -O2  conftest.c >&5
conftest.c:67:10: fatal error: vfork.h: No such file or directory
 #include <vfork.h>
          ^~~~~~~~~
compilation terminated.
configure:3553: $? = 1
configure: failed program was:
| /* confdefs.h.  */
| 
| #define PACKAGE_NAME "ffproxy"
| #define PACKAGE_TARNAME "ffproxy"
| #define PACKAGE_VERSION "1.6"
| #define PACKAGE_STRING "ffproxy 1.6"
| #define PACKAGE_BUGREPORT "niklas@noxa.de"
| #define HAVE_LIBNSL 1
| #define STDC_HEADERS 1
| #define HAVE_SYS_WAIT_H 1
| #define HAVE_SYS_TYPES_H 1
| #define HAVE_SYS_STAT_H 1
| #define HAVE_STDLIB_H 1
| #define HAVE_STRING_H 1
| #define HAVE_MEMORY_H 1
| #define HAVE_STRINGS_H 1
| #define HAVE_INTTYPES_H 1
| #define HAVE_STDINT_H 1
| #define HAVE_UNISTD_H 1
| #define HAVE_ARPA_INET_H 1
| #define HAVE_FCNTL_H 1
| #define HAVE_NETDB_H 1
| #define HAVE_NETINET_IN_H 1
| #define HAVE_STDLIB_H 1
| #define HAVE_STRING_H 1
| #define HAVE_SYS_SOCKET_H 1
| #define HAVE_SYS_TIME_H 1
| #define HAVE_SYSLOG_H 1
| #define HAVE_UNISTD_H 1
| #define TIME_WITH_SYS_TIME 1
| #define HAVE_UNISTD_H 1
| /* end confdefs.h.  */
| #include <stdio.h>
| #if HAVE_SYS_TYPES_H
| # include <sys/types.h>
| #endif
| #if HAVE_SYS_STAT_H
| # include <sys/stat.h>
| #endif
| #if STDC_HEADERS
| # include <stdlib.h>
| # include <stddef.h>
| #else
| # if HAVE_STDLIB_H
| #  include <stdlib.h>
| # endif
| #endif
| #if HAVE_STRING_H
| # if !STDC_HEADERS && HAVE_MEMORY_H
| #  include <memory.h>
| # endif
| # include <string.h>
| #endif
| #if HAVE_STRINGS_H
| # include <strings.h>
| #endif
| #if HAVE_INTTYPES_H
| # include <inttypes.h>
| #else
| # if HAVE_STDINT_H
| #  include <stdint.h>
| # endif
| #endif
| #if HAVE_UNISTD_H
| # include <unistd.h>
| #endif
| #include <vfork.h>
configure:3576: result: no
configure:3580: checking vfork.h presence
configure:3590: gcc -E  conftest.c
conftest.c:33:10: fatal error: vfork.h: No such file or directory
 #include <vfork.h>
          ^~~~~~~~~
compilation terminated.
configure:3596: $? = 1
configure: failed program was:
| /* confdefs.h.  */
| 
| #define PACKAGE_NAME "ffproxy"
| #define PACKAGE_TARNAME "ffproxy"
| #define PACKAGE_VERSION "1.6"
| #define PACKAGE_STRING "ffproxy 1.6"
| #define PACKAGE_BUGREPORT "niklas@noxa.de"
| #define HAVE_LIBNSL 1
| #define STDC_HEADERS 1
| #define HAVE_SYS_WAIT_H 1
| #define HAVE_SYS_TYPES_H 1
| #define HAVE_SYS_STAT_H 1
| #define HAVE_STDLIB_H 1
| #define HAVE_STRING_H 1
| #define HAVE_MEMORY_H 1
| #define HAVE_STRINGS_H 1
| #define HAVE_INTTYPES_H 1
| #define HAVE_STDINT_H 1
| #define HAVE_UNISTD_H 1
| #define HAVE_ARPA_INET_H 1
| #define HAVE_FCNTL_H 1
| #define HAVE_NETDB_H 1
| #define HAVE_NETINET_IN_H 1
| #define HAVE_STDLIB_H 1
| #define HAVE_STRING_H 1
| #define HAVE_SYS_SOCKET_H 1
| #define HAVE_SYS_TIME_H 1
| #define HAVE_SYSLOG_H 1
| #define HAVE_UNISTD_H 1
| #define TIME_WITH_SYS_TIME 1
| #define HAVE_UNISTD_H 1
| /* end confdefs.h.  */
| #include <vfork.h>
configure:3616: result: no
configure:3651: checking for vfork.h
configure:3658: result: no
configure:3676: checking for fork
configure:3733: gcc -o conftest -g -O2   conftest.c -lnsl  >&5
conftest.c:57:6: warning: conflicting types for built-in function 'fork' [-Wbuiltin-declaration-mismatch]
 char fork ();
      ^~~~
configure:3739: $? = 0
configure:3743: test -z 
			 || test ! -s conftest.err
configure:3746: $? = 0
configure:3749: test -s conftest
configure:3752: $? = 0
configure:3764: result: yes
configure:3676: checking for vfork
configure:3733: gcc -o conftest -g -O2   conftest.c -lnsl  >&5
configure:3739: $? = 0
configure:3743: test -z 
			 || test ! -s conftest.err
configure:3746: $? = 0
configure:3749: test -s conftest
configure:3752: $? = 0
configure:3764: result: yes
configure:3775: checking for working fork
configure:3798: gcc -o conftest -g -O2   conftest.c -lnsl  >&5
conftest.c: In function 'main':
conftest.c:9:6: warning: implicit declaration of function 'fork' [-Wimplicit-function-declaration]
  if (fork() < 0)
      ^~~~
conftest.c:10:4: warning: implicit declaration of function 'exit' [-Wimplicit-function-declaration]
    exit (1);
    ^~~~
conftest.c:10:4: warning: incompatible implicit declaration of built-in function 'exit'
conftest.c:10:4: note: include '<stdlib.h>' or provide a declaration of 'exit'
conftest.c:3:1:
+#include <stdlib.h>
       #if HAVE_UNISTD_H
conftest.c:10:4:
    exit (1);
    ^~~~
conftest.c:11:2: warning: incompatible implicit declaration of built-in function 'exit'
  exit (0);
  ^~~~
conftest.c:11:2: note: include '<stdlib.h>' or provide a declaration of 'exit'
configure:3801: $? = 0
configure:3803: ./conftest
configure:3806: $? = 0
configure:3820: result: yes
configure:3841: checking for working vfork
configure:3974: result: yes
configure:4010: checking for stdlib.h
configure:4015: result: yes
configure:4155: checking for GNU libc compatible malloc
configure:4184: gcc -o conftest -g -O2   conftest.c -lnsl  >&5
configure:4187: $? = 0
configure:4189: ./conftest
configure:4192: $? = 0
configure:4206: result: yes
configure:4251: checking sys/select.h usability
configure:4263: gcc -c -g -O2  conftest.c >&5
configure:4269: $? = 0
configure:4273: test -z 
			 || test ! -s conftest.err
configure:4276: $? = 0
configure:4279: test -s conftest.o
configure:4282: $? = 0
configure:4292: result: yes
configure:4296: checking sys/select.h presence
configure:4306: gcc -E  conftest.c
configure:4312: $? = 0
configure:4332: result: yes
configure:4367: checking for sys/select.h
configure:4374: result: yes
configure:4242: checking for sys/socket.h
configure:4247: result: yes
configure:4387: checking types of arguments for select
configure:4420: gcc -c -g -O2  conftest.c >&5
configure:4426: $? = 0
configure:4430: test -z 
			 || test ! -s conftest.err
configure:4433: $? = 0
configure:4436: test -s conftest.o
configure:4439: $? = 0
configure:4455: result: int,fd_set *,struct timeval *
configure:4478: checking return type of signal handlers
configure:4509: gcc -c -g -O2  conftest.c >&5
configure:4515: $? = 0
configure:4519: test -z 
			 || test ! -s conftest.err
configure:4522: $? = 0
configure:4525: test -s conftest.o
configure:4528: $? = 0
configure:4539: result: void
configure:4560: checking for dup2
configure:4617: gcc -o conftest -g -O2   conftest.c -lnsl  >&5
configure:4623: $? = 0
configure:4627: test -z 
			 || test ! -s conftest.err
configure:4630: $? = 0
configure:4633: test -s conftest
configure:4636: $? = 0
configure:4648: result: yes
configure:4560: checking for gethostbyname
configure:4617: gcc -o conftest -g -O2   conftest.c -lnsl  >&5
configure:4623: $? = 0
configure:4627: test -z 
			 || test ! -s conftest.err
configure:4630: $? = 0
configure:4633: test -s conftest
configure:4636: $? = 0
configure:4648: result: yes
configure:4560: checking for inet_ntoa
configure:4617: gcc -o conftest -g -O2   conftest.c -lnsl  >&5
configure:4623: $? = 0
configure:4627: test -z 
			 || test ! -s conftest.err
configure:4630: $? = 0
configure:4633: test -s conftest
configure:4636: $? = 0
configure:4648: result: yes
configure:4560: checking for memset
configure:4617: gcc -o conftest -g -O2   conftest.c -lnsl  >&5
conftest.c:72:6: warning: conflicting types for built-in function 'memset' [-Wbuiltin-declaration-mismatch]
 char memset ();
      ^~~~~~
configure:4623: $? = 0
configure:4627: test -z 
			 || test ! -s conftest.err
configure:4630: $? = 0
configure:4633: test -s conftest
configure:4636: $? = 0
configure:4648: result: yes
configure:4560: checking for regcomp
configure:4617: gcc -o conftest -g -O2   conftest.c -lnsl  >&5
configure:4623: $? = 0
configure:4627: test -z 
			 || test ! -s conftest.err
configure:4630: $? = 0
configure:4633: test -s conftest
configure:4636: $? = 0
configure:4648: result: yes
configure:4560: checking for select
configure:4617: gcc -o conftest -g -O2   conftest.c -lnsl  >&5
configure:4623: $? = 0
configure:4627: test -z 
			 || test ! -s conftest.err
configure:4630: $? = 0
configure:4633: test -s conftest
configure:4636: $? = 0
configure:4648: result: yes
configure:4560: checking for socket
configure:4617: gcc -o conftest -g -O2   conftest.c -lnsl  >&5
configure:4623: $? = 0
configure:4627: test -z 
			 || test ! -s conftest.err
configure:4630: $? = 0
configure:4633: test -s conftest
configure:4636: $? = 0
configure:4648: result: yes
configure:4560: checking for strchr
configure:4617: gcc -o conftest -g -O2   conftest.c -lnsl  >&5
conftest.c:76:6: warning: conflicting types for built-in function 'strchr' [-Wbuiltin-declaration-mismatch]
 char strchr ();
      ^~~~~~
configure:4623: $? = 0
configure:4627: test -z 
			 || test ! -s conftest.err
configure:4630: $? = 0
configure:4633: test -s conftest
configure:4636: $? = 0
configure:4648: result: yes
configure:4560: checking for strncasecmp
configure:4617: gcc -o conftest -g -O2   conftest.c -lnsl  >&5
conftest.c:77:6: warning: conflicting types for built-in function 'strncasecmp' [-Wbuiltin-declaration-mismatch]
 char strncasecmp ();
      ^~~~~~~~~~~
configure:4623: $? = 0
configure:4627: test -z 
			 || test ! -s conftest.err
configure:4630: $? = 0
configure:4633: test -s conftest
configure:4636: $? = 0
configure:4648: result: yes
configure:4560: checking for daemon
configure:4617: gcc -o conftest -g -O2   conftest.c -lnsl  >&5
configure:4623: $? = 0
configure:4627: test -z 
			 || test ! -s conftest.err
configure:4630: $? = 0
configure:4633: test -s conftest
configure:4636: $? = 0
configure:4648: result: yes
configure:4756: creating ./config.status

## ---------------------- ##
## Running config.status. ##
## ---------------------- ##

This file was extended by ffproxy config.status 1.6, which was
generated by GNU Autoconf 2.59.  Invocation command line was

  CONFIG_FILES    = 
  CONFIG_HEADERS  = 
  CONFIG_LINKS    = 
  CONFIG_COMMANDS = 
  $ ./config.status 

on debian

config.status:635: creating Makefile
config.status:739: creating configure.h

## ---------------- ##
## Cache variables. ##
## ---------------- ##

ac_cv_c_compiler_gnu=yes
ac_cv_c_const=yes
ac_cv_env_CC_set=
ac_cv_env_CC_value=
ac_cv_env_CFLAGS_set=
ac_cv_env_CFLAGS_value=
ac_cv_env_CPPFLAGS_set=
ac_cv_env_CPPFLAGS_value=
ac_cv_env_CPP_set=
ac_cv_env_CPP_value=
ac_cv_env_LDFLAGS_set=
ac_cv_env_LDFLAGS_value=
ac_cv_env_build_alias_set=
ac_cv_env_build_alias_value=
ac_cv_env_host_alias_set=
ac_cv_env_host_alias_value=
ac_cv_env_target_alias_set=
ac_cv_env_target_alias_value=
ac_cv_exeext=
ac_cv_func_daemon=yes
ac_cv_func_dup2=yes
ac_cv_func_fork=yes
ac_cv_func_fork_works=yes
ac_cv_func_gethostbyname=yes
ac_cv_func_inet_ntoa=yes
ac_cv_func_malloc_0_nonnull=yes
ac_cv_func_memset=yes
ac_cv_func_regcomp=yes
ac_cv_func_select=yes
ac_cv_func_select_args='int,fd_set *,struct timeval *'
ac_cv_func_socket=yes
ac_cv_func_strchr=yes
ac_cv_func_strncasecmp=yes
ac_cv_func_vfork=yes
ac_cv_func_vfork_works=yes
ac_cv_header_arpa_inet_h=yes
ac_cv_header_fcntl_h=yes
ac_cv_header_inttypes_h=yes
ac_cv_header_memory_h=yes
ac_cv_header_netdb_h=yes
ac_cv_header_netinet_in_h=yes
ac_cv_header_stdc=yes
ac_cv_header_stdint_h=yes
ac_cv_header_stdlib_h=yes
ac_cv_header_string_h=yes
ac_cv_header_strings_h=yes
ac_cv_header_sys_select_h=yes
ac_cv_header_sys_socket_h=yes
ac_cv_header_sys_stat_h=yes
ac_cv_header_sys_time_h=yes
ac_cv_header_sys_types_h=yes
ac_cv_header_sys_wait_h=yes
ac_cv_header_syslog_h=yes
ac_cv_header_time=yes
ac_cv_header_unistd_h=yes
ac_cv_header_vfork_h=no
ac_cv_lib_nsl_gethostbyname=yes
ac_cv_lib_socket_connect=no
ac_cv_objext=o
ac_cv_path_install='/usr/bin/install -c'
ac_cv_prog_CPP='gcc -E'
ac_cv_prog_ac_ct_CC=gcc
ac_cv_prog_cc_g=yes
ac_cv_prog_cc_stdc=
ac_cv_prog_egrep='grep -E'
ac_cv_type_pid_t=yes
ac_cv_type_signal=void
ac_cv_type_size_t=yes

## ----------------- ##
## Output variables. ##
## ----------------- ##

CC='gcc'
CFLAGS='-g -O2'
CPP='gcc -E'
CPPFLAGS=''
DEFS='-DHAVE_CONFIG_H'
ECHO_C=''
ECHO_N='-n'
ECHO_T=''
EGREP='grep -E'
EXEEXT=''
INSTALL_DATA='${INSTALL} -m 644'
INSTALL_PROGRAM='${INSTALL}'
INSTALL_SCRIPT='${INSTALL}'
LDFLAGS=''
LIBOBJS=''
LIBS='-lnsl '
LTLIBOBJS=''
OBJEXT='o'
PACKAGE_BUGREPORT='niklas@noxa.de'
PACKAGE_NAME='ffproxy'
PACKAGE_STRING='ffproxy 1.6'
PACKAGE_TARNAME='ffproxy'
PACKAGE_VERSION='1.6'
PATH_SEPARATOR=':'
SHELL='/bin/bash'
ac_ct_CC='gcc'
bindir='${exec_prefix}/bin'
build_alias=''
datadir='${prefix}/share'
exec_prefix='${prefix}'
host_alias=''
includedir='${prefix}/include'
infodir='${prefix}/info'
libdir='${exec_prefix}/lib'
libexecdir='${exec_prefix}/libexec'
localstatedir='${prefix}/var'
mandir='${prefix}/man'
oldincludedir='/usr/include'
prefix='/usr/local'
program_transform_name='s,x,x,'
sbindir='${exec_prefix}/sbin'
sharedstatedir='${prefix}/com'
sysconfdir='${prefix}/etc'
target_alias=''

## ----------- ##
## confdefs.h. ##
## ----------- ##

#define HAVE_ARPA_INET_H 1
#define HAVE_DAEMON 1
#define HAVE_DUP2 1
#define HAVE_FCNTL_H 1
#define HAVE_FORK 1
#define HAVE_GETHOSTBYNAME 1
#define HAVE_INET_NTOA 1
#define HAVE_INTTYPES_H 1
#define HAVE_LIBNSL 1
#define HAVE_MALLOC 1
#define HAVE_MEMORY_H 1
#define HAVE_MEMSET 1
#define HAVE_NETDB_H 1
#define HAVE_NETINET_IN_H 1
#define HAVE_REGCOMP 1
#define HAVE_SELECT 1
#define HAVE_SOCKET 1
#define HAVE_STDINT_H 1
#define HAVE_STDLIB_H 1
#define HAVE_STDLIB_H 1
#define HAVE_STDLIB_H 1
#define HAVE_STRCHR 1
#define HAVE_STRINGS_H 1
#define HAVE_STRING_H 1
#define HAVE_STRING_H 1
#define HAVE_STRNCASECMP 1
#define HAVE_SYSLOG_H 1
#define HAVE_SYS_SELECT_H 1
#define HAVE_SYS_SOCKET_H 1
#define HAVE_SYS_SOCKET_H 1
#define HAVE_SYS_STAT_H 1
#define HAVE_SYS_TIME_H 1
#define HAVE_SYS_TYPES_H 1
#define HAVE_SYS_WAIT_H 1
#define HAVE_UNISTD_H 1
#define HAVE_UNISTD_H 1
#define HAVE_UNISTD_H 1
#define HAVE_VFORK 1
#define HAVE_WORKING_FORK 1
#define HAVE_WORKING_VFORK 1
#define PACKAGE_BUGREPORT "niklas@noxa.de"
#define PACKAGE_NAME "ffproxy"
#define PACKAGE_STRING "ffproxy 1.6"
#define PACKAGE_TARNAME "ffproxy"
#define PACKAGE_VERSION "1.6"
#define RETSIGTYPE void
#define SELECT_TYPE_ARG1 int
#define SELECT_TYPE_ARG234 (fd_set *)
#define SELECT_TYPE_ARG5 (struct timeval *)
#define STDC_HEADERS 1
#define TIME_WITH_SYS_TIME 1

configure: exit 0
